[2015-04-14 00:51:38] production.ERROR: exception 'ErrorException' with message 'rmdir(/Applications/MAMP/htdocs/laravel/31/source/protected/app/views/customer): No such file or directory' in /Applications/MAMP/htdocs/laravel/31/source/protected/app/controllers/ModuleController.php:228
Stack trace:
#0 [internal function]: Illuminate\Exception\Handler->handleError(2, 'rmdir(/Applicat...', '/Applications/M...', 228, Array)
#1 /Applications/MAMP/htdocs/laravel/31/source/protected/app/controllers/ModuleController.php(228): rmdir('/Applications/M...')
#2 /Applications/MAMP/htdocs/laravel/31/source/protected/app/controllers/ModuleController.php(208): ModuleController->removeDir('/Applications/M...')
#3 [internal function]: ModuleController->getDestroy('26')
#4 /Applications/MAMP/htdocs/laravel/31/source/protected/vendor/laravel/framework/src/Illuminate/Routing/Controller.php(231): call_user_func_array(Array, Array)
#5 /Applications/MAMP/htdocs/laravel/31/source/protected/vendor/laravel/framework/src/Illuminate/Routing/ControllerDispatcher.php(93): Illuminate\Routing\Controller->callAction('getDestroy', Array)
#6 /Applications/MAMP/htdocs/laravel/31/source/protected/vendor/laravel/framework/src/Illuminate/Routing/ControllerDispatcher.php(62): Illuminate\Routing\ControllerDispatcher->call(Object(ModuleController), Object(Illuminate\Routing\Route), 'getDestroy')
#7 /Applications/MAMP/htdocs/laravel/31/source/protected/vendor/laravel/framework/src/Illuminate/Routing/Router.php(934): Illuminate\Routing\ControllerDispatcher->dispatch(Object(Illuminate\Routing\Route), Object(Illuminate\Http\Request), 'ModuleControlle...', 'getDestroy')
#8 [internal function]: Illuminate\Routing\Router->Illuminate\Routing\{closure}('26')
#9 /Applications/MAMP/htdocs/laravel/31/source/protected/vendor/laravel/framework/src/Illuminate/Routing/Route.php(104): call_user_func_array(Object(Closure), Array)
#10 /Applications/MAMP/htdocs/laravel/31/source/protected/vendor/laravel/framework/src/Illuminate/Routing/Router.php(1000): Illuminate\Routing\Route->run(Object(Illuminate\Http\Request))
#11 /Applications/MAMP/htdocs/laravel/31/source/protected/vendor/laravel/framework/src/Illuminate/Routing/Router.php(968): Illuminate\Routing\Router->dispatchToRoute(Object(Illuminate\Http\Request))
#12 /Applications/MAMP/htdocs/laravel/31/source/protected/vendor/laravel/framework/src/Illuminate/Foundation/Application.php(738): Illuminate\Routing\Router->dispatch(Object(Illuminate\Http\Request))
#13 /Applications/MAMP/htdocs/laravel/31/source/protected/vendor/laravel/framework/src/Illuminate/Foundation/Application.php(708): Illuminate\Foundation\Application->dispatch(Object(Illuminate\Http\Request))
#14 /Applications/MAMP/htdocs/laravel/31/source/protected/vendor/laravel/framework/src/Illuminate/Http/FrameGuard.php(38): Illuminate\Foundation\Application->handle(Object(Illuminate\Http\Request), 1, true)
#15 /Applications/MAMP/htdocs/laravel/31/source/protected/vendor/laravel/framework/src/Illuminate/Session/Middleware.php(72): Illuminate\Http\FrameGuard->handle(Object(Illuminate\Http\Request), 1, true)
#16 /Applications/MAMP/htdocs/laravel/31/source/protected/vendor/laravel/framework/src/Illuminate/Cookie/Queue.php(47): Illuminate\Session\Middleware->handle(Object(Illuminate\Http\Request), 1, true)
#17 /Applications/MAMP/htdocs/laravel/31/source/protected/vendor/laravel/framework/src/Illuminate/Cookie/Guard.php(51): Illuminate\Cookie\Queue->handle(Object(Illuminate\Http\Request), 1, true)
#18 /Applications/MAMP/htdocs/laravel/31/source/protected/vendor/stack/builder/src/Stack/StackedHttpKernel.php(23): Illuminate\Cookie\Guard->handle(Object(Illuminate\Http\Request), 1, true)
#19 /Applications/MAMP/htdocs/laravel/31/source/protected/vendor/laravel/framework/src/Illuminate/Foundation/Application.php(606): Stack\StackedHttpKernel->handle(Object(Illuminate\Http\Request))
#20 /Applications/MAMP/htdocs/laravel/31/source/index.php(50): Illuminate\Foundation\Application->run()
#21 {main} [] []
[2015-04-29 03:04:15] production.ERROR: exception 'Symfony\Component\HttpKernel\Exception\NotFoundHttpException' in /Applications/MAMP/htdocs/laravel/31/source/protected/vendor/laravel/framework/src/Illuminate/Routing/RouteCollection.php:146
Stack trace:
#0 /Applications/MAMP/htdocs/laravel/31/source/protected/vendor/laravel/framework/src/Illuminate/Routing/Router.php(1021): Illuminate\Routing\RouteCollection->match(Object(Illuminate\Http\Request))
#1 /Applications/MAMP/htdocs/laravel/31/source/protected/vendor/laravel/framework/src/Illuminate/Routing/Router.php(989): Illuminate\Routing\Router->findRoute(Object(Illuminate\Http\Request))
#2 /Applications/MAMP/htdocs/laravel/31/source/protected/vendor/laravel/framework/src/Illuminate/Routing/Router.php(968): Illuminate\Routing\Router->dispatchToRoute(Object(Illuminate\Http\Request))
#3 /Applications/MAMP/htdocs/laravel/31/source/protected/vendor/laravel/framework/src/Illuminate/Foundation/Application.php(738): Illuminate\Routing\Router->dispatch(Object(Illuminate\Http\Request))
#4 /Applications/MAMP/htdocs/laravel/31/source/protected/vendor/laravel/framework/src/Illuminate/Foundation/Application.php(708): Illuminate\Foundation\Application->dispatch(Object(Illuminate\Http\Request))
#5 /Applications/MAMP/htdocs/laravel/31/source/protected/vendor/laravel/framework/src/Illuminate/Http/FrameGuard.php(38): Illuminate\Foundation\Application->handle(Object(Illuminate\Http\Request), 1, true)
#6 /Applications/MAMP/htdocs/laravel/31/source/protected/vendor/laravel/framework/src/Illuminate/Session/Middleware.php(72): Illuminate\Http\FrameGuard->handle(Object(Illuminate\Http\Request), 1, true)
#7 /Applications/MAMP/htdocs/laravel/31/source/protected/vendor/laravel/framework/src/Illuminate/Cookie/Queue.php(47): Illuminate\Session\Middleware->handle(Object(Illuminate\Http\Request), 1, true)
#8 /Applications/MAMP/htdocs/laravel/31/source/protected/vendor/laravel/framework/src/Illuminate/Cookie/Guard.php(51): Illuminate\Cookie\Queue->handle(Object(Illuminate\Http\Request), 1, true)
#9 /Applications/MAMP/htdocs/laravel/31/source/protected/vendor/stack/builder/src/Stack/StackedHttpKernel.php(23): Illuminate\Cookie\Guard->handle(Object(Illuminate\Http\Request), 1, true)
#10 /Applications/MAMP/htdocs/laravel/31/source/protected/vendor/laravel/framework/src/Illuminate/Foundation/Application.php(606): Stack\StackedHttpKernel->handle(Object(Illuminate\Http\Request))
#11 /Applications/MAMP/htdocs/laravel/31/source/index.php(50): Illuminate\Foundation\Application->run()
#12 {main} [] []
[2015-04-29 03:10:25] production.ERROR: exception 'Symfony\Component\HttpKernel\Exception\NotFoundHttpException' in /Applications/MAMP/htdocs/laravel/31/source/protected/vendor/laravel/framework/src/Illuminate/Routing/RouteCollection.php:146
Stack trace:
#0 /Applications/MAMP/htdocs/laravel/31/source/protected/vendor/laravel/framework/src/Illuminate/Routing/Router.php(1021): Illuminate\Routing\RouteCollection->match(Object(Illuminate\Http\Request))
#1 /Applications/MAMP/htdocs/laravel/31/source/protected/vendor/laravel/framework/src/Illuminate/Routing/Router.php(989): Illuminate\Routing\Router->findRoute(Object(Illuminate\Http\Request))
#2 /Applications/MAMP/htdocs/laravel/31/source/protected/vendor/laravel/framework/src/Illuminate/Routing/Router.php(968): Illuminate\Routing\Router->dispatchToRoute(Object(Illuminate\Http\Request))
#3 /Applications/MAMP/htdocs/laravel/31/source/protected/vendor/laravel/framework/src/Illuminate/Foundation/Application.php(738): Illuminate\Routing\Router->dispatch(Object(Illuminate\Http\Request))
#4 /Applications/MAMP/htdocs/laravel/31/source/protected/vendor/laravel/framework/src/Illuminate/Foundation/Application.php(708): Illuminate\Foundation\Application->dispatch(Object(Illuminate\Http\Request))
#5 /Applications/MAMP/htdocs/laravel/31/source/protected/vendor/laravel/framework/src/Illuminate/Http/FrameGuard.php(38): Illuminate\Foundation\Application->handle(Object(Illuminate\Http\Request), 1, true)
#6 /Applications/MAMP/htdocs/laravel/31/source/protected/vendor/laravel/framework/src/Illuminate/Session/Middleware.php(72): Illuminate\Http\FrameGuard->handle(Object(Illuminate\Http\Request), 1, true)
#7 /Applications/MAMP/htdocs/laravel/31/source/protected/vendor/laravel/framework/src/Illuminate/Cookie/Queue.php(47): Illuminate\Session\Middleware->handle(Object(Illuminate\Http\Request), 1, true)
#8 /Applications/MAMP/htdocs/laravel/31/source/protected/vendor/laravel/framework/src/Illuminate/Cookie/Guard.php(51): Illuminate\Cookie\Queue->handle(Object(Illuminate\Http\Request), 1, true)
#9 /Applications/MAMP/htdocs/laravel/31/source/protected/vendor/stack/builder/src/Stack/StackedHttpKernel.php(23): Illuminate\Cookie\Guard->handle(Object(Illuminate\Http\Request), 1, true)
#10 /Applications/MAMP/htdocs/laravel/31/source/protected/vendor/laravel/framework/src/Illuminate/Foundation/Application.php(606): Stack\StackedHttpKernel->handle(Object(Illuminate\Http\Request))
#11 /Applications/MAMP/htdocs/laravel/31/source/index.php(50): Illuminate\Foundation\Application->run()
#12 {main} [] []
[2015-04-29 05:39:03] production.ERROR: exception 'PDOException' with message 'SQLSTATE[HY000] [2002] No such file or directory' in /Applications/MAMP/htdocs/laravel/31/source/protected/vendor/laravel/framework/src/Illuminate/Database/Connectors/Connector.php:47
Stack trace:
#0 /Applications/MAMP/htdocs/laravel/31/source/protected/vendor/laravel/framework/src/Illuminate/Database/Connectors/Connector.php(47): PDO->__construct('mysql:host=loca...', 'root', 'root', Array)
#1 /Applications/MAMP/htdocs/laravel/31/source/protected/vendor/laravel/framework/src/Illuminate/Database/Connectors/MySqlConnector.php(20): Illuminate\Database\Connectors\Connector->createConnection('mysql:host=loca...', Array, Array)
#2 /Applications/MAMP/htdocs/laravel/31/source/protected/vendor/laravel/framework/src/Illuminate/Database/Connectors/ConnectionFactory.php(59): Illuminate\Database\Connectors\MySqlConnector->connect(Array)
#3 /Applications/MAMP/htdocs/laravel/31/source/protected/vendor/laravel/framework/src/Illuminate/Database/Connectors/ConnectionFactory.php(47): Illuminate\Database\Connectors\ConnectionFactory->createSingleConnection(Array)
#4 /Applications/MAMP/htdocs/laravel/31/source/protected/vendor/laravel/framework/src/Illuminate/Database/DatabaseManager.php(127): Illuminate\Database\Connectors\ConnectionFactory->make(Array, 'mysql')
#5 /Applications/MAMP/htdocs/laravel/31/source/protected/vendor/laravel/framework/src/Illuminate/Database/DatabaseManager.php(63): Illuminate\Database\DatabaseManager->makeConnection('mysql')
#6 /Applications/MAMP/htdocs/laravel/31/source/protected/vendor/laravel/framework/src/Illuminate/Database/DatabaseManager.php(243): Illuminate\Database\DatabaseManager->connection()
#7 /Applications/MAMP/htdocs/laravel/31/source/protected/vendor/laravel/framework/src/Illuminate/Support/Facades/Facade.php(208): Illuminate\Database\DatabaseManager->__call('select', Array)
#8 /Applications/MAMP/htdocs/laravel/31/source/protected/vendor/laravel/framework/src/Illuminate/Support/Facades/Facade.php(208): Illuminate\Database\DatabaseManager->select('\r\n\t\tSELECT \r\n\t\t...')
#9 /Applications/MAMP/htdocs/laravel/31/source/protected/app/library/SiteHelpers.php(117): Illuminate\Support\Facades\Facade::__callStatic('select', Array)
#10 /Applications/MAMP/htdocs/laravel/31/source/protected/app/library/SiteHelpers.php(117): Illuminate\Support\Facades\DB::select('\r\n\t\tSELECT \r\n\t\t...')
#11 /Applications/MAMP/htdocs/laravel/31/source/protected/app/library/SiteHelpers.php(7): SiteHelpers::nestedMenu(0, 'top', '1')
#12 /Applications/MAMP/htdocs/laravel/31/source/protected/app/controllers/BaseController.php(14): SiteHelpers::menus()
#13 /Applications/MAMP/htdocs/laravel/31/source/protected/app/controllers/HomeController.php(20): BaseController->__construct()
#14 [internal function]: HomeController->__construct()
#15 /Applications/MAMP/htdocs/laravel/31/source/protected/vendor/laravel/framework/src/Illuminate/Container/Container.php(536): ReflectionClass->newInstanceArgs(Array)
#16 /Applications/MAMP/htdocs/laravel/31/source/protected/vendor/laravel/framework/src/Illuminate/Container/Container.php(425): Illuminate\Container\Container->build('HomeController', Array)
#17 /Applications/MAMP/htdocs/laravel/31/source/protected/vendor/laravel/framework/src/Illuminate/Foundation/Application.php(463): Illuminate\Container\Container->make('HomeController', Array)
#18 /Applications/MAMP/htdocs/laravel/31/source/protected/vendor/laravel/framework/src/Illuminate/Routing/ControllerDispatcher.php(78): Illuminate\Foundation\Application->make('HomeController')
#19 /Applications/MAMP/htdocs/laravel/31/source/protected/vendor/laravel/framework/src/Illuminate/Routing/ControllerDispatcher.php(51): Illuminate\Routing\ControllerDispatcher->makeController('HomeController')
#20 /Applications/MAMP/htdocs/laravel/31/source/protected/vendor/laravel/framework/src/Illuminate/Routing/Router.php(934): Illuminate\Routing\ControllerDispatcher->dispatch(Object(Illuminate\Routing\Route), Object(Illuminate\Http\Request), 'HomeController', 'index')
#21 [internal function]: Illuminate\Routing\Router->Illuminate\Routing\{closure}()
#22 /Applications/MAMP/htdocs/laravel/31/source/protected/vendor/laravel/framework/src/Illuminate/Routing/Route.php(104): call_user_func_array(Object(Closure), Array)
#23 /Applications/MAMP/htdocs/laravel/31/source/protected/vendor/laravel/framework/src/Illuminate/Routing/Router.php(1000): Illuminate\Routing\Route->run(Object(Illuminate\Http\Request))
#24 /Applications/MAMP/htdocs/laravel/31/source/protected/vendor/laravel/framework/src/Illuminate/Routing/Router.php(968): Illuminate\Routing\Router->dispatchToRoute(Object(Illuminate\Http\Request))
#25 /Applications/MAMP/htdocs/laravel/31/source/protected/vendor/laravel/framework/src/Illuminate/Foundation/Application.php(738): Illuminate\Routing\Router->dispatch(Object(Illuminate\Http\Request))
#26 /Applications/MAMP/htdocs/laravel/31/source/protected/vendor/laravel/framework/src/Illuminate/Foundation/Application.php(708): Illuminate\Foundation\Application->dispatch(Object(Illuminate\Http\Request))
#27 /Applications/MAMP/htdocs/laravel/31/source/protected/vendor/laravel/framework/src/Illuminate/Http/FrameGuard.php(38): Illuminate\Foundation\Application->handle(Object(Illuminate\Http\Request), 1, true)
#28 /Applications/MAMP/htdocs/laravel/31/source/protected/vendor/laravel/framework/src/Illuminate/Session/Middleware.php(72): Illuminate\Http\FrameGuard->handle(Object(Illuminate\Http\Request), 1, true)
#29 /Applications/MAMP/htdocs/laravel/31/source/protected/vendor/laravel/framework/src/Illuminate/Cookie/Queue.php(47): Illuminate\Session\Middleware->handle(Object(Illuminate\Http\Request), 1, true)
#30 /Applications/MAMP/htdocs/laravel/31/source/protected/vendor/laravel/framework/src/Illuminate/Cookie/Guard.php(51): Illuminate\Cookie\Queue->handle(Object(Illuminate\Http\Request), 1, true)
#31 /Applications/MAMP/htdocs/laravel/31/source/protected/vendor/stack/builder/src/Stack/StackedHttpKernel.php(23): Illuminate\Cookie\Guard->handle(Object(Illuminate\Http\Request), 1, true)
#32 /Applications/MAMP/htdocs/laravel/31/source/protected/vendor/laravel/framework/src/Illuminate/Foundation/Application.php(606): Stack\StackedHttpKernel->handle(Object(Illuminate\Http\Request))
#33 /Applications/MAMP/htdocs/laravel/31/source/index.php(50): Illuminate\Foundation\Application->run()
#34 {main} [] []
[2015-04-29 05:39:33] production.ERROR: exception 'PDOException' with message 'SQLSTATE[HY000] [2002] No such file or directory' in /Applications/MAMP/htdocs/laravel/31/source/protected/vendor/laravel/framework/src/Illuminate/Database/Connectors/Connector.php:47
Stack trace:
#0 /Applications/MAMP/htdocs/laravel/31/source/protected/vendor/laravel/framework/src/Illuminate/Database/Connectors/Connector.php(47): PDO->__construct('mysql:host=loca...', 'root', 'root', Array)
#1 /Applications/MAMP/htdocs/laravel/31/source/protected/vendor/laravel/framework/src/Illuminate/Database/Connectors/MySqlConnector.php(20): Illuminate\Database\Connectors\Connector->createConnection('mysql:host=loca...', Array, Array)
#2 /Applications/MAMP/htdocs/laravel/31/source/protected/vendor/laravel/framework/src/Illuminate/Database/Connectors/ConnectionFactory.php(59): Illuminate\Database\Connectors\MySqlConnector->connect(Array)
#3 /Applications/MAMP/htdocs/laravel/31/source/protected/vendor/laravel/framework/src/Illuminate/Database/Connectors/ConnectionFactory.php(47): Illuminate\Database\Connectors\ConnectionFactory->createSingleConnection(Array)
#4 /Applications/MAMP/htdocs/laravel/31/source/protected/vendor/laravel/framework/src/Illuminate/Database/DatabaseManager.php(127): Illuminate\Database\Connectors\ConnectionFactory->make(Array, 'mysql')
#5 /Applications/MAMP/htdocs/laravel/31/source/protected/vendor/laravel/framework/src/Illuminate/Database/DatabaseManager.php(63): Illuminate\Database\DatabaseManager->makeConnection('mysql')
#6 /Applications/MAMP/htdocs/laravel/31/source/protected/vendor/laravel/framework/src/Illuminate/Database/DatabaseManager.php(243): Illuminate\Database\DatabaseManager->connection()
#7 /Applications/MAMP/htdocs/laravel/31/source/protected/vendor/laravel/framework/src/Illuminate/Support/Facades/Facade.php(208): Illuminate\Database\DatabaseManager->__call('select', Array)
#8 /Applications/MAMP/htdocs/laravel/31/source/protected/vendor/laravel/framework/src/Illuminate/Support/Facades/Facade.php(208): Illuminate\Database\DatabaseManager->select('\r\n\t\tSELECT \r\n\t\t...')
#9 /Applications/MAMP/htdocs/laravel/31/source/protected/app/library/SiteHelpers.php(117): Illuminate\Support\Facades\Facade::__callStatic('select', Array)
#10 /Applications/MAMP/htdocs/laravel/31/source/protected/app/library/SiteHelpers.php(117): Illuminate\Support\Facades\DB::select('\r\n\t\tSELECT \r\n\t\t...')
#11 /Applications/MAMP/htdocs/laravel/31/source/protected/app/library/SiteHelpers.php(7): SiteHelpers::nestedMenu(0, 'top', '1')
#12 /Applications/MAMP/htdocs/laravel/31/source/protected/app/controllers/BaseController.php(14): SiteHelpers::menus()
#13 /Applications/MAMP/htdocs/laravel/31/source/protected/app/controllers/HomeController.php(20): BaseController->__construct()
#14 [internal function]: HomeController->__construct()
#15 /Applications/MAMP/htdocs/laravel/31/source/protected/vendor/laravel/framework/src/Illuminate/Container/Container.php(536): ReflectionClass->newInstanceArgs(Array)
#16 /Applications/MAMP/htdocs/laravel/31/source/protected/vendor/laravel/framework/src/Illuminate/Container/Container.php(425): Illuminate\Container\Container->build('HomeController', Array)
#17 /Applications/MAMP/htdocs/laravel/31/source/protected/vendor/laravel/framework/src/Illuminate/Foundation/Application.php(463): Illuminate\Container\Container->make('HomeController', Array)
#18 /Applications/MAMP/htdocs/laravel/31/source/protected/vendor/laravel/framework/src/Illuminate/Routing/ControllerDispatcher.php(78): Illuminate\Foundation\Application->make('HomeController')
#19 /Applications/MAMP/htdocs/laravel/31/source/protected/vendor/laravel/framework/src/Illuminate/Routing/ControllerDispatcher.php(51): Illuminate\Routing\ControllerDispatcher->makeController('HomeController')
#20 /Applications/MAMP/htdocs/laravel/31/source/protected/vendor/laravel/framework/src/Illuminate/Routing/Router.php(934): Illuminate\Routing\ControllerDispatcher->dispatch(Object(Illuminate\Routing\Route), Object(Illuminate\Http\Request), 'HomeController', 'index')
#21 [internal function]: Illuminate\Routing\Router->Illuminate\Routing\{closure}()
#22 /Applications/MAMP/htdocs/laravel/31/source/protected/vendor/laravel/framework/src/Illuminate/Routing/Route.php(104): call_user_func_array(Object(Closure), Array)
#23 /Applications/MAMP/htdocs/laravel/31/source/protected/vendor/laravel/framework/src/Illuminate/Routing/Router.php(1000): Illuminate\Routing\Route->run(Object(Illuminate\Http\Request))
#24 /Applications/MAMP/htdocs/laravel/31/source/protected/vendor/laravel/framework/src/Illuminate/Routing/Router.php(968): Illuminate\Routing\Router->dispatchToRoute(Object(Illuminate\Http\Request))
#25 /Applications/MAMP/htdocs/laravel/31/source/protected/vendor/laravel/framework/src/Illuminate/Foundation/Application.php(738): Illuminate\Routing\Router->dispatch(Object(Illuminate\Http\Request))
#26 /Applications/MAMP/htdocs/laravel/31/source/protected/vendor/laravel/framework/src/Illuminate/Foundation/Application.php(708): Illuminate\Foundation\Application->dispatch(Object(Illuminate\Http\Request))
#27 /Applications/MAMP/htdocs/laravel/31/source/protected/vendor/laravel/framework/src/Illuminate/Http/FrameGuard.php(38): Illuminate\Foundation\Application->handle(Object(Illuminate\Http\Request), 1, true)
#28 /Applications/MAMP/htdocs/laravel/31/source/protected/vendor/laravel/framework/src/Illuminate/Session/Middleware.php(72): Illuminate\Http\FrameGuard->handle(Object(Illuminate\Http\Request), 1, true)
#29 /Applications/MAMP/htdocs/laravel/31/source/protected/vendor/laravel/framework/src/Illuminate/Cookie/Queue.php(47): Illuminate\Session\Middleware->handle(Object(Illuminate\Http\Request), 1, true)
#30 /Applications/MAMP/htdocs/laravel/31/source/protected/vendor/laravel/framework/src/Illuminate/Cookie/Guard.php(51): Illuminate\Cookie\Queue->handle(Object(Illuminate\Http\Request), 1, true)
#31 /Applications/MAMP/htdocs/laravel/31/source/protected/vendor/stack/builder/src/Stack/StackedHttpKernel.php(23): Illuminate\Cookie\Guard->handle(Object(Illuminate\Http\Request), 1, true)
#32 /Applications/MAMP/htdocs/laravel/31/source/protected/vendor/laravel/framework/src/Illuminate/Foundation/Application.php(606): Stack\StackedHttpKernel->handle(Object(Illuminate\Http\Request))
#33 /Applications/MAMP/htdocs/laravel/31/source/index.php(50): Illuminate\Foundation\Application->run()
#34 {main} [] []
[2015-04-29 05:40:36] production.ERROR: exception 'PDOException' with message 'SQLSTATE[HY000] [2002] No such file or directory' in /Applications/MAMP/htdocs/laravel/31/source/protected/vendor/laravel/framework/src/Illuminate/Database/Connectors/Connector.php:47
Stack trace:
#0 /Applications/MAMP/htdocs/laravel/31/source/protected/vendor/laravel/framework/src/Illuminate/Database/Connectors/Connector.php(47): PDO->__construct('mysql:host=loca...', 'root', 'root', Array)
#1 /Applications/MAMP/htdocs/laravel/31/source/protected/vendor/laravel/framework/src/Illuminate/Database/Connectors/MySqlConnector.php(20): Illuminate\Database\Connectors\Connector->createConnection('mysql:host=loca...', Array, Array)
#2 /Applications/MAMP/htdocs/laravel/31/source/protected/vendor/laravel/framework/src/Illuminate/Database/Connectors/ConnectionFactory.php(59): Illuminate\Database\Connectors\MySqlConnector->connect(Array)
#3 /Applications/MAMP/htdocs/laravel/31/source/protected/vendor/laravel/framework/src/Illuminate/Database/Connectors/ConnectionFactory.php(47): Illuminate\Database\Connectors\ConnectionFactory->createSingleConnection(Array)
#4 /Applications/MAMP/htdocs/laravel/31/source/protected/vendor/laravel/framework/src/Illuminate/Database/DatabaseManager.php(127): Illuminate\Database\Connectors\ConnectionFactory->make(Array, 'mysql')
#5 /Applications/MAMP/htdocs/laravel/31/source/protected/vendor/laravel/framework/src/Illuminate/Database/DatabaseManager.php(63): Illuminate\Database\DatabaseManager->makeConnection('mysql')
#6 /Applications/MAMP/htdocs/laravel/31/source/protected/vendor/laravel/framework/src/Illuminate/Database/DatabaseManager.php(243): Illuminate\Database\DatabaseManager->connection()
#7 /Applications/MAMP/htdocs/laravel/31/source/protected/vendor/laravel/framework/src/Illuminate/Support/Facades/Facade.php(208): Illuminate\Database\DatabaseManager->__call('select', Array)
#8 /Applications/MAMP/htdocs/laravel/31/source/protected/vendor/laravel/framework/src/Illuminate/Support/Facades/Facade.php(208): Illuminate\Database\DatabaseManager->select('\r\n\t\tSELECT \r\n\t\t...')
#9 /Applications/MAMP/htdocs/laravel/31/source/protected/app/library/SiteHelpers.php(117): Illuminate\Support\Facades\Facade::__callStatic('select', Array)
#10 /Applications/MAMP/htdocs/laravel/31/source/protected/app/library/SiteHelpers.php(117): Illuminate\Support\Facades\DB::select('\r\n\t\tSELECT \r\n\t\t...')
#11 /Applications/MAMP/htdocs/laravel/31/source/protected/app/library/SiteHelpers.php(7): SiteHelpers::nestedMenu(0, 'top', '1')
#12 /Applications/MAMP/htdocs/laravel/31/source/protected/app/controllers/BaseController.php(14): SiteHelpers::menus()
#13 /Applications/MAMP/htdocs/laravel/31/source/protected/app/controllers/HomeController.php(20): BaseController->__construct()
#14 [internal function]: HomeController->__construct()
#15 /Applications/MAMP/htdocs/laravel/31/source/protected/vendor/laravel/framework/src/Illuminate/Container/Container.php(536): ReflectionClass->newInstanceArgs(Array)
#16 /Applications/MAMP/htdocs/laravel/31/source/protected/vendor/laravel/framework/src/Illuminate/Container/Container.php(425): Illuminate\Container\Container->build('HomeController', Array)
#17 /Applications/MAMP/htdocs/laravel/31/source/protected/vendor/laravel/framework/src/Illuminate/Foundation/Application.php(463): Illuminate\Container\Container->make('HomeController', Array)
#18 /Applications/MAMP/htdocs/laravel/31/source/protected/vendor/laravel/framework/src/Illuminate/Routing/ControllerDispatcher.php(78): Illuminate\Foundation\Application->make('HomeController')
#19 /Applications/MAMP/htdocs/laravel/31/source/protected/vendor/laravel/framework/src/Illuminate/Routing/ControllerDispatcher.php(51): Illuminate\Routing\ControllerDispatcher->makeController('HomeController')
#20 /Applications/MAMP/htdocs/laravel/31/source/protected/vendor/laravel/framework/src/Illuminate/Routing/Router.php(934): Illuminate\Routing\ControllerDispatcher->dispatch(Object(Illuminate\Routing\Route), Object(Illuminate\Http\Request), 'HomeController', 'index')
#21 [internal function]: Illuminate\Routing\Router->Illuminate\Routing\{closure}()
#22 /Applications/MAMP/htdocs/laravel/31/source/protected/vendor/laravel/framework/src/Illuminate/Routing/Route.php(104): call_user_func_array(Object(Closure), Array)
#23 /Applications/MAMP/htdocs/laravel/31/source/protected/vendor/laravel/framework/src/Illuminate/Routing/Router.php(1000): Illuminate\Routing\Route->run(Object(Illuminate\Http\Request))
#24 /Applications/MAMP/htdocs/laravel/31/source/protected/vendor/laravel/framework/src/Illuminate/Routing/Router.php(968): Illuminate\Routing\Router->dispatchToRoute(Object(Illuminate\Http\Request))
#25 /Applications/MAMP/htdocs/laravel/31/source/protected/vendor/laravel/framework/src/Illuminate/Foundation/Application.php(738): Illuminate\Routing\Router->dispatch(Object(Illuminate\Http\Request))
#26 /Applications/MAMP/htdocs/laravel/31/source/protected/vendor/laravel/framework/src/Illuminate/Foundation/Application.php(708): Illuminate\Foundation\Application->dispatch(Object(Illuminate\Http\Request))
#27 /Applications/MAMP/htdocs/laravel/31/source/protected/vendor/laravel/framework/src/Illuminate/Http/FrameGuard.php(38): Illuminate\Foundation\Application->handle(Object(Illuminate\Http\Request), 1, true)
#28 /Applications/MAMP/htdocs/laravel/31/source/protected/vendor/laravel/framework/src/Illuminate/Session/Middleware.php(72): Illuminate\Http\FrameGuard->handle(Object(Illuminate\Http\Request), 1, true)
#29 /Applications/MAMP/htdocs/laravel/31/source/protected/vendor/laravel/framework/src/Illuminate/Cookie/Queue.php(47): Illuminate\Session\Middleware->handle(Object(Illuminate\Http\Request), 1, true)
#30 /Applications/MAMP/htdocs/laravel/31/source/protected/vendor/laravel/framework/src/Illuminate/Cookie/Guard.php(51): Illuminate\Cookie\Queue->handle(Object(Illuminate\Http\Request), 1, true)
#31 /Applications/MAMP/htdocs/laravel/31/source/protected/vendor/stack/builder/src/Stack/StackedHttpKernel.php(23): Illuminate\Cookie\Guard->handle(Object(Illuminate\Http\Request), 1, true)
#32 /Applications/MAMP/htdocs/laravel/31/source/protected/vendor/laravel/framework/src/Illuminate/Foundation/Application.php(606): Stack\StackedHttpKernel->handle(Object(Illuminate\Http\Request))
#33 /Applications/MAMP/htdocs/laravel/31/source/index.php(50): Illuminate\Foundation\Application->run()
#34 {main} [] []
[2015-04-29 05:48:52] production.ERROR: exception 'Symfony\Component\HttpKernel\Exception\NotFoundHttpException' in /Applications/MAMP/htdocs/laravel/31/source/protected/vendor/laravel/framework/src/Illuminate/Routing/RouteCollection.php:146
Stack trace:
#0 /Applications/MAMP/htdocs/laravel/31/source/protected/vendor/laravel/framework/src/Illuminate/Routing/Router.php(1021): Illuminate\Routing\RouteCollection->match(Object(Illuminate\Http\Request))
#1 /Applications/MAMP/htdocs/laravel/31/source/protected/vendor/laravel/framework/src/Illuminate/Routing/Router.php(989): Illuminate\Routing\Router->findRoute(Object(Illuminate\Http\Request))
#2 /Applications/MAMP/htdocs/laravel/31/source/protected/vendor/laravel/framework/src/Illuminate/Routing/Router.php(968): Illuminate\Routing\Router->dispatchToRoute(Object(Illuminate\Http\Request))
#3 /Applications/MAMP/htdocs/laravel/31/source/protected/vendor/laravel/framework/src/Illuminate/Foundation/Application.php(738): Illuminate\Routing\Router->dispatch(Object(Illuminate\Http\Request))
#4 /Applications/MAMP/htdocs/laravel/31/source/protected/vendor/laravel/framework/src/Illuminate/Foundation/Application.php(708): Illuminate\Foundation\Application->dispatch(Object(Illuminate\Http\Request))
#5 /Applications/MAMP/htdocs/laravel/31/source/protected/vendor/laravel/framework/src/Illuminate/Http/FrameGuard.php(38): Illuminate\Foundation\Application->handle(Object(Illuminate\Http\Request), 1, true)
#6 /Applications/MAMP/htdocs/laravel/31/source/protected/vendor/laravel/framework/src/Illuminate/Session/Middleware.php(72): Illuminate\Http\FrameGuard->handle(Object(Illuminate\Http\Request), 1, true)
#7 /Applications/MAMP/htdocs/laravel/31/source/protected/vendor/laravel/framework/src/Illuminate/Cookie/Queue.php(47): Illuminate\Session\Middleware->handle(Object(Illuminate\Http\Request), 1, true)
#8 /Applications/MAMP/htdocs/laravel/31/source/protected/vendor/laravel/framework/src/Illuminate/Cookie/Guard.php(51): Illuminate\Cookie\Queue->handle(Object(Illuminate\Http\Request), 1, true)
#9 /Applications/MAMP/htdocs/laravel/31/source/protected/vendor/stack/builder/src/Stack/StackedHttpKernel.php(23): Illuminate\Cookie\Guard->handle(Object(Illuminate\Http\Request), 1, true)
#10 /Applications/MAMP/htdocs/laravel/31/source/protected/vendor/laravel/framework/src/Illuminate/Foundation/Application.php(606): Stack\StackedHttpKernel->handle(Object(Illuminate\Http\Request))
#11 /Applications/MAMP/htdocs/laravel/31/source/index.php(50): Illuminate\Foundation\Application->run()
#12 {main} [] []
[2015-04-29 05:49:36] production.ERROR: exception 'ErrorException' with message 'rmdir(/Applications/MAMP/htdocs/laravel/31/source/protected/app/storage/views): Directory not empty' in /Applications/MAMP/htdocs/laravel/31/source/protected/app/controllers/ConfigController.php:402
Stack trace:
#0 [internal function]: Illuminate\Exception\Handler->handleError(2, 'rmdir(/Applicat...', '/Applications/M...', 402, Array)
#1 /Applications/MAMP/htdocs/laravel/31/source/protected/app/controllers/ConfigController.php(402): rmdir('/Applications/M...')
#2 /Applications/MAMP/htdocs/laravel/31/source/protected/app/controllers/ConfigController.php(388): ConfigController->removeDir('/Applications/M...')
#3 [internal function]: ConfigController->getClearlog()
#4 /Applications/MAMP/htdocs/laravel/31/source/protected/vendor/laravel/framework/src/Illuminate/Routing/Controller.php(231): call_user_func_array(Array, Array)
#5 /Applications/MAMP/htdocs/laravel/31/source/protected/vendor/laravel/framework/src/Illuminate/Routing/ControllerDispatcher.php(93): Illuminate\Routing\Controller->callAction('getClearlog', Array)
#6 /Applications/MAMP/htdocs/laravel/31/source/protected/vendor/laravel/framework/src/Illuminate/Routing/ControllerDispatcher.php(62): Illuminate\Routing\ControllerDispatcher->call(Object(ConfigController), Object(Illuminate\Routing\Route), 'getClearlog')
#7 /Applications/MAMP/htdocs/laravel/31/source/protected/vendor/laravel/framework/src/Illuminate/Routing/Router.php(934): Illuminate\Routing\ControllerDispatcher->dispatch(Object(Illuminate\Routing\Route), Object(Illuminate\Http\Request), 'ConfigControlle...', 'getClearlog')
#8 [internal function]: Illuminate\Routing\Router->Illuminate\Routing\{closure}()
#9 /Applications/MAMP/htdocs/laravel/31/source/protected/vendor/laravel/framework/src/Illuminate/Routing/Route.php(104): call_user_func_array(Object(Closure), Array)
#10 /Applications/MAMP/htdocs/laravel/31/source/protected/vendor/laravel/framework/src/Illuminate/Routing/Router.php(1000): Illuminate\Routing\Route->run(Object(Illuminate\Http\Request))
#11 /Applications/MAMP/htdocs/laravel/31/source/protected/vendor/laravel/framework/src/Illuminate/Routing/Router.php(968): Illuminate\Routing\Router->dispatchToRoute(Object(Illuminate\Http\Request))
#12 /Applications/MAMP/htdocs/laravel/31/source/protected/vendor/laravel/framework/src/Illuminate/Foundation/Application.php(738): Illuminate\Routing\Router->dispatch(Object(Illuminate\Http\Request))
#13 /Applications/MAMP/htdocs/laravel/31/source/protected/vendor/laravel/framework/src/Illuminate/Foundation/Application.php(708): Illuminate\Foundation\Application->dispatch(Object(Illuminate\Http\Request))
#14 /Applications/MAMP/htdocs/laravel/31/source/protected/vendor/laravel/framework/src/Illuminate/Http/FrameGuard.php(38): Illuminate\Foundation\Application->handle(Object(Illuminate\Http\Request), 1, true)
#15 /Applications/MAMP/htdocs/laravel/31/source/protected/vendor/laravel/framework/src/Illuminate/Session/Middleware.php(72): Illuminate\Http\FrameGuard->handle(Object(Illuminate\Http\Request), 1, true)
#16 /Applications/MAMP/htdocs/laravel/31/source/protected/vendor/laravel/framework/src/Illuminate/Cookie/Queue.php(47): Illuminate\Session\Middleware->handle(Object(Illuminate\Http\Request), 1, true)
#17 /Applications/MAMP/htdocs/laravel/31/source/protected/vendor/laravel/framework/src/Illuminate/Cookie/Guard.php(51): Illuminate\Cookie\Queue->handle(Object(Illuminate\Http\Request), 1, true)
#18 /Applications/MAMP/htdocs/laravel/31/source/protected/vendor/stack/builder/src/Stack/StackedHttpKernel.php(23): Illuminate\Cookie\Guard->handle(Object(Illuminate\Http\Request), 1, true)
#19 /Applications/MAMP/htdocs/laravel/31/source/protected/vendor/laravel/framework/src/Illuminate/Foundation/Application.php(606): Stack\StackedHttpKernel->handle(Object(Illuminate\Http\Request))
#20 /Applications/MAMP/htdocs/laravel/31/source/index.php(50): Illuminate\Foundation\Application->run()
#21 {main} [] []
[2015-04-29 05:49:50] production.ERROR: exception 'ErrorException' with message 'rmdir(/Applications/MAMP/htdocs/laravel/31/source/protected/app/storage/views): Directory not empty' in /Applications/MAMP/htdocs/laravel/31/source/protected/app/controllers/ConfigController.php:402
Stack trace:
#0 [internal function]: Illuminate\Exception\Handler->handleError(2, 'rmdir(/Applicat...', '/Applications/M...', 402, Array)
#1 /Applications/MAMP/htdocs/laravel/31/source/protected/app/controllers/ConfigController.php(402): rmdir('/Applications/M...')
#2 /Applications/MAMP/htdocs/laravel/31/source/protected/app/controllers/ConfigController.php(388): ConfigController->removeDir('/Applications/M...')
#3 [internal function]: ConfigController->getClearlog()
#4 /Applications/MAMP/htdocs/laravel/31/source/protected/vendor/laravel/framework/src/Illuminate/Routing/Controller.php(231): call_user_func_array(Array, Array)
#5 /Applications/MAMP/htdocs/laravel/31/source/protected/vendor/laravel/framework/src/Illuminate/Routing/ControllerDispatcher.php(93): Illuminate\Routing\Controller->callAction('getClearlog', Array)
#6 /Applications/MAMP/htdocs/laravel/31/source/protected/vendor/laravel/framework/src/Illuminate/Routing/ControllerDispatcher.php(62): Illuminate\Routing\ControllerDispatcher->call(Object(ConfigController), Object(Illuminate\Routing\Route), 'getClearlog')
#7 /Applications/MAMP/htdocs/laravel/31/source/protected/vendor/laravel/framework/src/Illuminate/Routing/Router.php(934): Illuminate\Routing\ControllerDispatcher->dispatch(Object(Illuminate\Routing\Route), Object(Illuminate\Http\Request), 'ConfigControlle...', 'getClearlog')
#8 [internal function]: Illuminate\Routing\Router->Illuminate\Routing\{closure}()
#9 /Applications/MAMP/htdocs/laravel/31/source/protected/vendor/laravel/framework/src/Illuminate/Routing/Route.php(104): call_user_func_array(Object(Closure), Array)
#10 /Applications/MAMP/htdocs/laravel/31/source/protected/vendor/laravel/framework/src/Illuminate/Routing/Router.php(1000): Illuminate\Routing\Route->run(Object(Illuminate\Http\Request))
#11 /Applications/MAMP/htdocs/laravel/31/source/protected/vendor/laravel/framework/src/Illuminate/Routing/Router.php(968): Illuminate\Routing\Router->dispatchToRoute(Object(Illuminate\Http\Request))
#12 /Applications/MAMP/htdocs/laravel/31/source/protected/vendor/laravel/framework/src/Illuminate/Foundation/Application.php(738): Illuminate\Routing\Router->dispatch(Object(Illuminate\Http\Request))
#13 /Applications/MAMP/htdocs/laravel/31/source/protected/vendor/laravel/framework/src/Illuminate/Foundation/Application.php(708): Illuminate\Foundation\Application->dispatch(Object(Illuminate\Http\Request))
#14 /Applications/MAMP/htdocs/laravel/31/source/protected/vendor/laravel/framework/src/Illuminate/Http/FrameGuard.php(38): Illuminate\Foundation\Application->handle(Object(Illuminate\Http\Request), 1, true)
#15 /Applications/MAMP/htdocs/laravel/31/source/protected/vendor/laravel/framework/src/Illuminate/Session/Middleware.php(72): Illuminate\Http\FrameGuard->handle(Object(Illuminate\Http\Request), 1, true)
#16 /Applications/MAMP/htdocs/laravel/31/source/protected/vendor/laravel/framework/src/Illuminate/Cookie/Queue.php(47): Illuminate\Session\Middleware->handle(Object(Illuminate\Http\Request), 1, true)
#17 /Applications/MAMP/htdocs/laravel/31/source/protected/vendor/laravel/framework/src/Illuminate/Cookie/Guard.php(51): Illuminate\Cookie\Queue->handle(Object(Illuminate\Http\Request), 1, true)
#18 /Applications/MAMP/htdocs/laravel/31/source/protected/vendor/stack/builder/src/Stack/StackedHttpKernel.php(23): Illuminate\Cookie\Guard->handle(Object(Illuminate\Http\Request), 1, true)
#19 /Applications/MAMP/htdocs/laravel/31/source/protected/vendor/laravel/framework/src/Illuminate/Foundation/Application.php(606): Stack\StackedHttpKernel->handle(Object(Illuminate\Http\Request))
#20 /Applications/MAMP/htdocs/laravel/31/source/index.php(50): Illuminate\Foundation\Application->run()
#21 {main} [] []
[2015-04-29 05:50:57] production.ERROR: exception 'ErrorException' with message 'rmdir(/Applications/MAMP/htdocs/laravel/31/source/protected/app/storage/views): Directory not empty' in /Applications/MAMP/htdocs/laravel/31/source/protected/app/controllers/ConfigController.php:402
Stack trace:
#0 [internal function]: Illuminate\Exception\Handler->handleError(2, 'rmdir(/Applicat...', '/Applications/M...', 402, Array)
#1 /Applications/MAMP/htdocs/laravel/31/source/protected/app/controllers/ConfigController.php(402): rmdir('/Applications/M...')
#2 /Applications/MAMP/htdocs/laravel/31/source/protected/app/controllers/ConfigController.php(388): ConfigController->removeDir('/Applications/M...')
#3 [internal function]: ConfigController->getClearlog()
#4 /Applications/MAMP/htdocs/laravel/31/source/protected/vendor/laravel/framework/src/Illuminate/Routing/Controller.php(231): call_user_func_array(Array, Array)
#5 /Applications/MAMP/htdocs/laravel/31/source/protected/vendor/laravel/framework/src/Illuminate/Routing/ControllerDispatcher.php(93): Illuminate\Routing\Controller->callAction('getClearlog', Array)
#6 /Applications/MAMP/htdocs/laravel/31/source/protected/vendor/laravel/framework/src/Illuminate/Routing/ControllerDispatcher.php(62): Illuminate\Routing\ControllerDispatcher->call(Object(ConfigController), Object(Illuminate\Routing\Route), 'getClearlog')
#7 /Applications/MAMP/htdocs/laravel/31/source/protected/vendor/laravel/framework/src/Illuminate/Routing/Router.php(934): Illuminate\Routing\ControllerDispatcher->dispatch(Object(Illuminate\Routing\Route), Object(Illuminate\Http\Request), 'ConfigControlle...', 'getClearlog')
#8 [internal function]: Illuminate\Routing\Router->Illuminate\Routing\{closure}()
#9 /Applications/MAMP/htdocs/laravel/31/source/protected/vendor/laravel/framework/src/Illuminate/Routing/Route.php(104): call_user_func_array(Object(Closure), Array)
#10 /Applications/MAMP/htdocs/laravel/31/source/protected/vendor/laravel/framework/src/Illuminate/Routing/Router.php(1000): Illuminate\Routing\Route->run(Object(Illuminate\Http\Request))
#11 /Applications/MAMP/htdocs/laravel/31/source/protected/vendor/laravel/framework/src/Illuminate/Routing/Router.php(968): Illuminate\Routing\Router->dispatchToRoute(Object(Illuminate\Http\Request))
#12 /Applications/MAMP/htdocs/laravel/31/source/protected/vendor/laravel/framework/src/Illuminate/Foundation/Application.php(738): Illuminate\Routing\Router->dispatch(Object(Illuminate\Http\Request))
#13 /Applications/MAMP/htdocs/laravel/31/source/protected/vendor/laravel/framework/src/Illuminate/Foundation/Application.php(708): Illuminate\Foundation\Application->dispatch(Object(Illuminate\Http\Request))
#14 /Applications/MAMP/htdocs/laravel/31/source/protected/vendor/laravel/framework/src/Illuminate/Http/FrameGuard.php(38): Illuminate\Foundation\Application->handle(Object(Illuminate\Http\Request), 1, true)
#15 /Applications/MAMP/htdocs/laravel/31/source/protected/vendor/laravel/framework/src/Illuminate/Session/Middleware.php(72): Illuminate\Http\FrameGuard->handle(Object(Illuminate\Http\Request), 1, true)
#16 /Applications/MAMP/htdocs/laravel/31/source/protected/vendor/laravel/framework/src/Illuminate/Cookie/Queue.php(47): Illuminate\Session\Middleware->handle(Object(Illuminate\Http\Request), 1, true)
#17 /Applications/MAMP/htdocs/laravel/31/source/protected/vendor/laravel/framework/src/Illuminate/Cookie/Guard.php(51): Illuminate\Cookie\Queue->handle(Object(Illuminate\Http\Request), 1, true)
#18 /Applications/MAMP/htdocs/laravel/31/source/protected/vendor/stack/builder/src/Stack/StackedHttpKernel.php(23): Illuminate\Cookie\Guard->handle(Object(Illuminate\Http\Request), 1, true)
#19 /Applications/MAMP/htdocs/laravel/31/source/protected/vendor/laravel/framework/src/Illuminate/Foundation/Application.php(606): Stack\StackedHttpKernel->handle(Object(Illuminate\Http\Request))
#20 /Applications/MAMP/htdocs/laravel/31/source/index.php(50): Illuminate\Foundation\Application->run()
#21 {main} [] []
[2015-04-29 05:51:12] production.ERROR: exception 'ErrorException' with message 'rmdir(/Applications/MAMP/htdocs/laravel/31/source/protected/app/storage/views): Directory not empty' in /Applications/MAMP/htdocs/laravel/31/source/protected/app/controllers/ConfigController.php:402
Stack trace:
#0 [internal function]: Illuminate\Exception\Handler->handleError(2, 'rmdir(/Applicat...', '/Applications/M...', 402, Array)
#1 /Applications/MAMP/htdocs/laravel/31/source/protected/app/controllers/ConfigController.php(402): rmdir('/Applications/M...')
#2 /Applications/MAMP/htdocs/laravel/31/source/protected/app/controllers/ConfigController.php(388): ConfigController->removeDir('/Applications/M...')
#3 [internal function]: ConfigController->getClearlog()
#4 /Applications/MAMP/htdocs/laravel/31/source/protected/vendor/laravel/framework/src/Illuminate/Routing/Controller.php(231): call_user_func_array(Array, Array)
#5 /Applications/MAMP/htdocs/laravel/31/source/protected/vendor/laravel/framework/src/Illuminate/Routing/ControllerDispatcher.php(93): Illuminate\Routing\Controller->callAction('getClearlog', Array)
#6 /Applications/MAMP/htdocs/laravel/31/source/protected/vendor/laravel/framework/src/Illuminate/Routing/ControllerDispatcher.php(62): Illuminate\Routing\ControllerDispatcher->call(Object(ConfigController), Object(Illuminate\Routing\Route), 'getClearlog')
#7 /Applications/MAMP/htdocs/laravel/31/source/protected/vendor/laravel/framework/src/Illuminate/Routing/Router.php(934): Illuminate\Routing\ControllerDispatcher->dispatch(Object(Illuminate\Routing\Route), Object(Illuminate\Http\Request), 'ConfigControlle...', 'getClearlog')
#8 [internal function]: Illuminate\Routing\Router->Illuminate\Routing\{closure}()
#9 /Applications/MAMP/htdocs/laravel/31/source/protected/vendor/laravel/framework/src/Illuminate/Routing/Route.php(104): call_user_func_array(Object(Closure), Array)
#10 /Applications/MAMP/htdocs/laravel/31/source/protected/vendor/laravel/framework/src/Illuminate/Routing/Router.php(1000): Illuminate\Routing\Route->run(Object(Illuminate\Http\Request))
#11 /Applications/MAMP/htdocs/laravel/31/source/protected/vendor/laravel/framework/src/Illuminate/Routing/Router.php(968): Illuminate\Routing\Router->dispatchToRoute(Object(Illuminate\Http\Request))
#12 /Applications/MAMP/htdocs/laravel/31/source/protected/vendor/laravel/framework/src/Illuminate/Foundation/Application.php(738): Illuminate\Routing\Router->dispatch(Object(Illuminate\Http\Request))
#13 /Applications/MAMP/htdocs/laravel/31/source/protected/vendor/laravel/framework/src/Illuminate/Foundation/Application.php(708): Illuminate\Foundation\Application->dispatch(Object(Illuminate\Http\Request))
#14 /Applications/MAMP/htdocs/laravel/31/source/protected/vendor/laravel/framework/src/Illuminate/Http/FrameGuard.php(38): Illuminate\Foundation\Application->handle(Object(Illuminate\Http\Request), 1, true)
#15 /Applications/MAMP/htdocs/laravel/31/source/protected/vendor/laravel/framework/src/Illuminate/Session/Middleware.php(72): Illuminate\Http\FrameGuard->handle(Object(Illuminate\Http\Request), 1, true)
#16 /Applications/MAMP/htdocs/laravel/31/source/protected/vendor/laravel/framework/src/Illuminate/Cookie/Queue.php(47): Illuminate\Session\Middleware->handle(Object(Illuminate\Http\Request), 1, true)
#17 /Applications/MAMP/htdocs/laravel/31/source/protected/vendor/laravel/framework/src/Illuminate/Cookie/Guard.php(51): Illuminate\Cookie\Queue->handle(Object(Illuminate\Http\Request), 1, true)
#18 /Applications/MAMP/htdocs/laravel/31/source/protected/vendor/stack/builder/src/Stack/StackedHttpKernel.php(23): Illuminate\Cookie\Guard->handle(Object(Illuminate\Http\Request), 1, true)
#19 /Applications/MAMP/htdocs/laravel/31/source/protected/vendor/laravel/framework/src/Illuminate/Foundation/Application.php(606): Stack\StackedHttpKernel->handle(Object(Illuminate\Http\Request))
#20 /Applications/MAMP/htdocs/laravel/31/source/index.php(50): Illuminate\Foundation\Application->run()
#21 {main} [] []
